# JRE version: Java(TM) SE Runtime Environment (8.0_45-b15) (build 1.8.0_45-b15)
# Java VM: Java HotSpot(TM) 64-Bit Server VM (25.45-b02 mixed mode windows-amd64 compressed oops)
Heap:
 PSYoungGen      total 71168K, used 67559K [0x00000000eab00000, 0x00000000f3480000, 0x0000000100000000)
  eden space 62976K, 100% used [0x00000000eab00000,0x00000000ee880000,0x00000000ee880000)
  from space 8192K, 55% used [0x00000000ee880000,0x00000000eecf9f28,0x00000000ef080000)
  to   space 19968K, 0% used [0x00000000f2100000,0x00000000f2100000,0x00000000f3480000)
 ParOldGen       total 42496K, used 42304K [0x00000000c0000000, 0x00000000c2980000, 0x00000000eab00000)
  object space 42496K, 99% used [0x00000000c0000000,0x00000000c2950368,0x00000000c2980000)
 Metaspace       used 6101K, capacity 7152K, committed 7296K, reserved 1056768K
  class space    used 578K, capacity 616K, committed 640K, reserved 1048576K
GC Heap History (10 events):
Event: 33.437 GC heap before
{Heap before GC invocations=6 (full 0):
 PSYoungGen      total 34304K, used 34304K [0x00000000eab00000, 0x00000000ef800000, 0x0000000100000000)
  eden space 31744K, 100% used [0x00000000eab00000,0x00000000eca00000,0x00000000eca00000)
  from space 2560K, 100% used [0x00000000eca00000,0x00000000ecc80000,0x00000000ecc80000)
  to   space 7680K, 0% used [0x00000000ef080000,0x00000000ef080000,0x00000000ef800000)
 ParOldGen       total 42496K, used 14107K [0x00000000c0000000, 0x00000000c2980000, 0x00000000eab00000)
  object space 42496K, 33% used [0x00000000c0000000,0x00000000c0dc6cf8,0x00000000c2980000)
 Metaspace       used 6032K, capacity 7088K, committed 7296K, reserved 1056768K
  class space    used 578K, capacity 616K, committed 640K, reserved 1048576K
Event: 33.793 GC heap after
Heap after GC invocations=6 (full 0):
 PSYoungGen      total 70656K, used 7325K [0x00000000eab00000, 0x00000000ef900000, 0x0000000100000000)
  eden space 62976K, 0% used [0x00000000eab00000,0x00000000eab00000,0x00000000ee880000)
  from space 7680K, 95% used [0x00000000ef080000,0x00000000ef7a74a0,0x00000000ef800000)
  to   space 8192K, 0% used [0x00000000ee880000,0x00000000ee880000,0x00000000ef080000)
 ParOldGen       total 42496K, used 14107K [0x00000000c0000000, 0x00000000c2980000, 0x00000000eab00000)
  object space 42496K, 33% used [0x00000000c0000000,0x00000000c0dc6cf8,0x00000000c2980000)
 Metaspace       used 6032K, capacity 7088K, committed 7296K, reserved 1056768K
  class space    used 578K, capacity 616K, committed 640K, reserved 1048576K
}
Event: 38.730 GC heap before
{Heap before GC invocations=7 (full 0):
 PSYoungGen      total 70656K, used 70301K [0x00000000eab00000, 0x00000000ef900000, 0x0000000100000000)
  eden space 62976K, 100% used [0x00000000eab00000,0x00000000ee880000,0x00000000ee880000)
  from space 7680K, 95% used [0x00000000ef080000,0x00000000ef7a74a0,0x00000000ef800000)
  to   space 8192K, 0% used [0x00000000ee880000,0x00000000ee880000,0x00000000ef080000)
 ParOldGen       total 42496K, used 14107K [0x00000000c0000000, 0x00000000c2980000, 0x00000000eab00000)
  object space 42496K, 33% used [0x00000000c0000000,0x00000000c0dc6cf8,0x00000000c2980000)
 Metaspace       used 6072K, capacity 7152K, committed 7296K, reserved 1056768K
  class space    used 578K, capacity 616K, committed 640K, reserved 1048576K
Event: 38.894 GC heap after
Heap after GC invocations=7 (full 0):
 PSYoungGen      total 71168K, used 8170K [0x00000000eab00000, 0x00000000ef900000, 0x0000000100000000)
  eden space 62976K, 0% used [0x00000000eab00000,0x00000000eab00000,0x00000000ee880000)
  from space 8192K, 99% used [0x00000000ee880000,0x00000000ef07a838,0x00000000ef080000)
  to   space 7680K, 0% used [0x00000000ef080000,0x00000000ef080000,0x00000000ef800000)
 ParOldGen       total 42496K, used 21874K [0x00000000c0000000, 0x00000000c2980000, 0x00000000eab00000)
  object space 42496K, 51% used [0x00000000c0000000,0x00000000c155ca58,0x00000000c2980000)
 Metaspace       used 6072K, capacity 7152K, committed 7296K, reserved 1056768K
  class space    used 578K, capacity 616K, committed 640K, reserved 1048576K
}
Event: 40.290 GC heap before
{Heap before GC invocations=8 (full 0):
 PSYoungGen      total 71168K, used 71146K [0x00000000eab00000, 0x00000000ef900000, 0x0000000100000000)
  eden space 62976K, 100% used [0x00000000eab00000,0x00000000ee880000,0x00000000ee880000)
  from space 8192K, 99% used [0x00000000ee880000,0x00000000ef07a838,0x00000000ef080000)
  to   space 7680K, 0% used [0x00000000ef080000,0x00000000ef080000,0x00000000ef800000)
 ParOldGen       total 42496K, used 21874K [0x00000000c0000000, 0x00000000c2980000, 0x00000000eab00000)
  object space 42496K, 51% used [0x00000000c0000000,0x00000000c155ca58,0x00000000c2980000)
 Metaspace       used 6083K, capacity 7152K, committed 7296K, reserved 1056768K
  class space    used 578K, capacity 616K, committed 640K, reserved 1048576K
Event: 40.382 GC heap after
Heap after GC invocations=8 (full 0):
 PSYoungGen      total 70656K, used 7670K [0x00000000eab00000, 0x00000000ef900000, 0x0000000100000000)
  eden space 62976K, 0% used [0x00000000eab00000,0x00000000eab00000,0x00000000ee880000)
  from space 7680K, 99% used [0x00000000ef080000,0x00000000ef7fd940,0x00000000ef800000)
  to   space 8192K, 0% used [0x00000000ee880000,0x00000000ee880000,0x00000000ef080000)
 ParOldGen       total 42496K, used 32154K [0x00000000c0000000, 0x00000000c2980000, 0x00000000eab00000)
  object space 42496K, 75% used [0x00000000c0000000,0x00000000c1f66a60,0x00000000c2980000)
 Metaspace       used 6083K, capacity 7152K, committed 7296K, reserved 1056768K
  class space    used 578K, capacity 616K, committed 640K, reserved 1048576K
}
Event: 41.115 GC heap before
{Heap before GC invocations=9 (full 0):
 PSYoungGen      total 70656K, used 70646K [0x00000000eab00000, 0x00000000ef900000, 0x0000000100000000)
  eden space 62976K, 100% used [0x00000000eab00000,0x00000000ee880000,0x00000000ee880000)
  from space 7680K, 99% used [0x00000000ef080000,0x00000000ef7fd940,0x00000000ef800000)
  to   space 8192K, 0% used [0x00000000ee880000,0x00000000ee880000,0x00000000ef080000)
 ParOldGen       total 42496K, used 32154K [0x00000000c0000000, 0x00000000c2980000, 0x00000000eab00000)
  object space 42496K, 75% used [0x00000000c0000000,0x00000000c1f66a60,0x00000000c2980000)
 Metaspace       used 6100K, capacity 7152K, committed 7296K, reserved 1056768K
  class space    used 578K, capacity 616K, committed 640K, reserved 1048576K
Event: 41.218 GC heap after
Heap after GC invocations=9 (full 0):
 PSYoungGen      total 71168K, used 8179K [0x00000000eab00000, 0x00000000f3480000, 0x0000000100000000)
  eden space 62976K, 0% used [0x00000000eab00000,0x00000000eab00000,0x00000000ee880000)
  from space 8192K, 99% used [0x00000000ee880000,0x00000000ef07cc80,0x00000000ef080000)
  to   space 19968K, 0% used [0x00000000f2100000,0x00000000f2100000,0x00000000f3480000)
 ParOldGen       total 42496K, used 41499K [0x00000000c0000000, 0x00000000c2980000, 0x00000000eab00000)
  object space 42496K, 97% used [0x00000000c0000000,0x00000000c2886fc0,0x00000000c2980000)
 Metaspace       used 6100K, capacity 7152K, committed 7296K, reserved 1056768K
  class space    used 578K, capacity 616K, committed 640K, reserved 1048576K
}
Event: 41.218 GC heap before
{Heap before GC invocations=10 (full 1):
 PSYoungGen      total 71168K, used 8179K [0x00000000eab00000, 0x00000000f3480000, 0x0000000100000000)
  eden space 62976K, 0% used [0x00000000eab00000,0x00000000eab00000,0x00000000ee880000)
  from space 8192K, 99% used [0x00000000ee880000,0x00000000ef07cc80,0x00000000ef080000)
  to   space 19968K, 0% used [0x00000000f2100000,0x00000000f2100000,0x00000000f3480000)
 ParOldGen       total 42496K, used 41499K [0x00000000c0000000, 0x00000000c2980000, 0x00000000eab00000)
  object space 42496K, 97% used [0x00000000c0000000,0x00000000c2886fc0,0x00000000c2980000)
 Metaspace       used 6100K, capacity 7152K, committed 7296K, reserved 1056768K
  class space    used 578K, capacity 616K, committed 640K, reserved 1048576K
Event: 42.072 GC heap after
Heap after GC invocations=10 (full 1):
 PSYoungGen      total 71168K, used 4583K [0x00000000eab00000, 0x00000000f3480000, 0x0000000100000000)
  eden space 62976K, 0% used [0x00000000eab00000,0x00000000eab00000,0x00000000ee880000)
  from space 8192K, 55% used [0x00000000ee880000,0x00000000eecf9f28,0x00000000ef080000)
  to   space 19968K, 0% used [0x00000000f2100000,0x00000000f2100000,0x00000000f3480000)
 ParOldGen       total 42496K, used 42304K [0x00000000c0000000, 0x00000000c2980000, 0x00000000eab00000)
  object space 42496K, 99% used [0x00000000c0000000,0x00000000c2950368,0x00000000c2980000)
 Metaspace       used 6100K, capacity 7152K, committed 7296K, reserved 1056768K
  class space    used 578K, capacity 616K, committed 640K, reserved 1048576K
}

